0 info it worked if it ends with ok
1 verbose cli [ 'node', '/usr/local/bin/npm', 'install', 'jscompress' ]
2 info using npm@2.1.17
3 info using node@v0.10.33
4 warn package.json version2@2.0.0 No description
5 warn package.json version2@2.0.0 No repository field.
6 warn package.json version2@2.0.0 No README data
7 silly cache add args [ 'jscompress', null ]
8 verbose cache add spec jscompress
9 silly cache add parsed spec { raw: 'jscompress',
9 silly cache add   scope: null,
9 silly cache add   name: 'jscompress',
9 silly cache add   rawSpec: '',
9 silly cache add   spec: '*',
9 silly cache add   type: 'range' }
10 verbose addNamed jscompress@*
11 silly addNamed semver.valid null
12 silly addNamed semver.validRange *
13 silly addNameRange { name: 'jscompress', range: '*', hasData: false }
14 silly mapToRegistry name jscompress
15 silly mapToRegistry using default registry
16 silly mapToRegistry registry https://registry.npmjs.org/
17 silly mapToRegistry uri https://registry.npmjs.org/jscompress
18 verbose addNameRange registry:https://registry.npmjs.org/jscompress not in flight; fetching
19 verbose request uri https://registry.npmjs.org/jscompress
20 verbose request no auth needed
21 info attempt registry request try #1 at 17:35:43
22 verbose request id 6b15acec6da5398d
23 http request GET https://registry.npmjs.org/jscompress
24 http 404 https://registry.npmjs.org/jscompress
25 verbose headers { date: 'Tue, 03 Mar 2015 16:35:43 GMT',
25 verbose headers   server: 'CouchDB/1.5.0 (Erlang OTP/R16B03)',
25 verbose headers   'content-type': 'application/json',
25 verbose headers   'cache-control': 'max-age=0',
25 verbose headers   'content-length': '52',
25 verbose headers   'accept-ranges': 'bytes',
25 verbose headers   via: '1.1 varnish',
25 verbose headers   age: '0',
25 verbose headers   'x-served-by': 'cache-ams4145-AMS',
25 verbose headers   'x-cache': 'MISS',
25 verbose headers   'x-cache-hits': '0',
25 verbose headers   'x-timer': 'S1425400543.831023,VS0,VE167',
25 verbose headers   'keep-alive': 'timeout=10, max=50',
25 verbose headers   connection: 'Keep-Alive' }
26 silly get cb [ 404,
26 silly get   { date: 'Tue, 03 Mar 2015 16:35:43 GMT',
26 silly get     server: 'CouchDB/1.5.0 (Erlang OTP/R16B03)',
26 silly get     'content-type': 'application/json',
26 silly get     'cache-control': 'max-age=0',
26 silly get     'content-length': '52',
26 silly get     'accept-ranges': 'bytes',
26 silly get     via: '1.1 varnish',
26 silly get     age: '0',
26 silly get     'x-served-by': 'cache-ams4145-AMS',
26 silly get     'x-cache': 'MISS',
26 silly get     'x-cache-hits': '0',
26 silly get     'x-timer': 'S1425400543.831023,VS0,VE167',
26 silly get     'keep-alive': 'timeout=10, max=50',
26 silly get     connection: 'Keep-Alive' } ]
27 verbose stack Error: 404 Not Found: jscompress
27 verbose stack     at CachingRegistryClient.<anonymous> (/usr/local/lib/node_modules/npm/node_modules/npm-registry-client/lib/request.js:241:14)
27 verbose stack     at Request._callback (/usr/local/lib/node_modules/npm/node_modules/npm-registry-client/lib/request.js:172:14)
27 verbose stack     at Request.self.callback (/usr/local/lib/node_modules/npm/node_modules/request/request.js:373:22)
27 verbose stack     at Request.emit (events.js:98:17)
27 verbose stack     at Request.<anonymous> (/usr/local/lib/node_modules/npm/node_modules/request/request.js:1318:14)
27 verbose stack     at Request.emit (events.js:117:20)
27 verbose stack     at IncomingMessage.<anonymous> (/usr/local/lib/node_modules/npm/node_modules/request/request.js:1266:12)
27 verbose stack     at IncomingMessage.emit (events.js:117:20)
27 verbose stack     at _stream_readable.js:943:16
27 verbose stack     at process._tickCallback (node.js:419:13)
28 verbose statusCode 404
29 verbose pkgid jscompress
30 verbose cwd /Users/kartben/Repositories/m2m.eclipse.org/js
31 error Darwin 14.1.0
32 error argv "node" "/usr/local/bin/npm" "install" "jscompress"
33 error node v0.10.33
34 error npm  v2.1.17
35 error code E404
36 error 404 Not Found: jscompress
36 error 404
36 error 404 'jscompress' is not in the npm registry.
36 error 404 You should bug the author to publish it (or use the name yourself!)
36 error 404 It was specified as a dependency of 'version2'
36 error 404
36 error 404 Note that you can also install from a
36 error 404 tarball, folder, http url, or git url.
37 verbose exit [ 1, true ]
